# JRE version: OpenJDK Runtime Environment (21.0.6) (build 21.0.6+-13391695-b895.109)
# Java VM: OpenJDK 64-Bit Server VM (21.0.6+-13391695-b895.109, mixed mode, tiered, compressed oops, compressed class ptrs, g1 gc, windows-amd64)
GC Precious Log:
 CardTable entry size: 512
 Card Set container configuration: InlinePtr #cards 5 size 8 Array Of Cards #cards 12 size 40 Howl #buckets 4 coarsen threshold 1843 Howl Bitmap #cards 512 size 80 coarsen threshold 460 Card regions per heap region 1 cards per card region 2048
 CPUs: 8 total, 8 available
 Memory: 16167M
 Large Page Support: Disabled
 NUMA Support: Disabled
 Compressed Oops: Enabled (32-bit)
 Heap Region Size: 1M
 Heap Min Capacity: 8M
 Heap Initial Capacity: 254M
 Heap Max Capacity: 2G
 Pre-touch: Disabled
 Parallel Workers: 8
 Concurrent Workers: 2
 Concurrent Refinement Workers: 8
 Periodic GC: Disabled
Heap:
 garbage-first heap   total 457728K, used 307200K [0x0000000080000000, 0x0000000100000000)
  region size 1024K, 32 young (32768K), 6 survivors (6144K)
 Metaspace       used 175454K, committed 178048K, reserved 1245184K
  class space    used 23155K, committed 24448K, reserved 1048576K
GC Heap History (20 events):
Event: 253.062 GC heap before
{Heap before GC invocations=60 (full 0):
 garbage-first heap   total 378880K, used 307412K [0x0000000080000000, 0x0000000100000000)
  region size 1024K, 83 young (84992K), 11 survivors (11264K)
 Metaspace       used 151498K, committed 154112K, reserved 1245184K
  class space    used 20069K, committed 21376K, reserved 1048576K
}
Event: 253.081 GC heap after
{Heap after GC invocations=61 (full 0):
 garbage-first heap   total 378880K, used 240128K [0x0000000080000000, 0x0000000100000000)
  region size 1024K, 11 young (11264K), 11 survivors (11264K)
 Metaspace       used 151498K, committed 154112K, reserved 1245184K
  class space    used 20069K, committed 21376K, reserved 1048576K
}
Event: 253.892 GC heap before
{Heap before GC invocations=61 (full 0):
 garbage-first heap   total 378880K, used 340480K [0x0000000080000000, 0x0000000100000000)
  region size 1024K, 95 young (97280K), 11 survivors (11264K)
 Metaspace       used 155168K, committed 157824K, reserved 1245184K
  class space    used 20393K, committed 21760K, reserved 1048576K
}
Event: 253.906 GC heap after
{Heap after GC invocations=62 (full 0):
 garbage-first heap   total 378880K, used 249241K [0x0000000080000000, 0x0000000100000000)
  region size 1024K, 10 young (10240K), 10 survivors (10240K)
 Metaspace       used 155168K, committed 157824K, reserved 1245184K
  class space    used 20393K, committed 21760K, reserved 1048576K
}
Event: 254.531 GC heap before
{Heap before GC invocations=62 (full 0):
 garbage-first heap   total 378880K, used 332185K [0x0000000080000000, 0x0000000100000000)
  region size 1024K, 92 young (94208K), 10 survivors (10240K)
 Metaspace       used 156267K, committed 158848K, reserved 1245184K
  class space    used 20484K, committed 21824K, reserved 1048576K
}
Event: 254.540 GC heap after
{Heap after GC invocations=63 (full 0):
 garbage-first heap   total 378880K, used 256945K [0x0000000080000000, 0x0000000100000000)
  region size 1024K, 10 young (10240K), 10 survivors (10240K)
 Metaspace       used 156267K, committed 158848K, reserved 1245184K
  class space    used 20484K, committed 21824K, reserved 1048576K
}
Event: 256.174 GC heap before
{Heap before GC invocations=64 (full 0):
 garbage-first heap   total 421888K, used 334769K [0x0000000080000000, 0x0000000100000000)
  region size 1024K, 90 young (92160K), 10 survivors (10240K)
 Metaspace       used 158389K, committed 160960K, reserved 1245184K
  class space    used 20723K, committed 22016K, reserved 1048576K
}
Event: 256.181 GC heap after
{Heap after GC invocations=65 (full 0):
 garbage-first heap   total 421888K, used 250287K [0x0000000080000000, 0x0000000100000000)
  region size 1024K, 5 young (5120K), 5 survivors (5120K)
 Metaspace       used 158389K, committed 160960K, reserved 1245184K
  class space    used 20723K, committed 22016K, reserved 1048576K
}
Event: 257.112 GC heap before
{Heap before GC invocations=65 (full 0):
 garbage-first heap   total 421888K, used 364975K [0x0000000080000000, 0x0000000100000000)
  region size 1024K, 118 young (120832K), 5 survivors (5120K)
 Metaspace       used 159210K, committed 161792K, reserved 1245184K
  class space    used 20823K, committed 22144K, reserved 1048576K
}
Event: 257.119 GC heap after
{Heap after GC invocations=66 (full 0):
 garbage-first heap   total 421888K, used 237711K [0x0000000080000000, 0x0000000100000000)
  region size 1024K, 7 young (7168K), 7 survivors (7168K)
 Metaspace       used 159210K, committed 161792K, reserved 1245184K
  class space    used 20823K, committed 22144K, reserved 1048576K
}
Event: 258.497 GC heap before
{Heap before GC invocations=66 (full 0):
 garbage-first heap   total 421888K, used 366735K [0x0000000080000000, 0x0000000100000000)
  region size 1024K, 134 young (137216K), 7 survivors (7168K)
 Metaspace       used 159321K, committed 161920K, reserved 1245184K
  class space    used 20829K, committed 22144K, reserved 1048576K
}
Event: 258.505 GC heap after
{Heap after GC invocations=67 (full 0):
 garbage-first heap   total 421888K, used 238315K [0x0000000080000000, 0x0000000100000000)
  region size 1024K, 8 young (8192K), 8 survivors (8192K)
 Metaspace       used 159321K, committed 161920K, reserved 1245184K
  class space    used 20829K, committed 22144K, reserved 1048576K
}
Event: 259.957 GC heap before
{Heap before GC invocations=68 (full 0):
 garbage-first heap   total 421888K, used 377579K [0x0000000080000000, 0x0000000100000000)
  region size 1024K, 152 young (155648K), 8 survivors (8192K)
 Metaspace       used 164563K, committed 167168K, reserved 1245184K
  class space    used 21570K, committed 22912K, reserved 1048576K
}
Event: 259.971 GC heap after
{Heap after GC invocations=69 (full 0):
 garbage-first heap   total 421888K, used 247259K [0x0000000080000000, 0x0000000100000000)
  region size 1024K, 19 young (19456K), 19 survivors (19456K)
 Metaspace       used 164563K, committed 167168K, reserved 1245184K
  class space    used 21570K, committed 22912K, reserved 1048576K
}
Event: 260.665 GC heap before
{Heap before GC invocations=69 (full 0):
 garbage-first heap   total 421888K, used 378331K [0x0000000080000000, 0x0000000100000000)
  region size 1024K, 148 young (151552K), 19 survivors (19456K)
 Metaspace       used 169430K, committed 172032K, reserved 1245184K
  class space    used 22260K, committed 23552K, reserved 1048576K
}
Event: 260.695 GC heap after
{Heap after GC invocations=70 (full 0):
 garbage-first heap   total 422912K, used 250880K [0x0000000080000000, 0x0000000100000000)
  region size 1024K, 19 young (19456K), 19 survivors (19456K)
 Metaspace       used 169430K, committed 172032K, reserved 1245184K
  class space    used 22260K, committed 23552K, reserved 1048576K
}
Event: 260.964 GC heap before
{Heap before GC invocations=70 (full 0):
 garbage-first heap   total 422912K, used 376832K [0x0000000080000000, 0x0000000100000000)
  region size 1024K, 143 young (146432K), 19 survivors (19456K)
 Metaspace       used 172082K, committed 174720K, reserved 1245184K
  class space    used 22681K, committed 24000K, reserved 1048576K
}
Event: 260.991 GC heap after
{Heap after GC invocations=71 (full 0):
 garbage-first heap   total 422912K, used 273833K [0x0000000080000000, 0x0000000100000000)
  region size 1024K, 18 young (18432K), 18 survivors (18432K)
 Metaspace       used 172082K, committed 174720K, reserved 1245184K
  class space    used 22681K, committed 24000K, reserved 1048576K
}
Event: 261.759 GC heap before
{Heap before GC invocations=72 (full 0):
 garbage-first heap   total 457728K, used 380329K [0x0000000080000000, 0x0000000100000000)
  region size 1024K, 122 young (124928K), 18 survivors (18432K)
 Metaspace       used 175217K, committed 177792K, reserved 1245184K
  class space    used 23137K, committed 24448K, reserved 1048576K
}
Event: 261.778 GC heap after
{Heap after GC invocations=73 (full 0):
 garbage-first heap   total 457728K, used 281600K [0x0000000080000000, 0x0000000100000000)
  region size 1024K, 6 young (6144K), 6 survivors (6144K)
 Metaspace       used 175217K, committed 177792K, reserved 1245184K
  class space    used 23137K, committed 24448K, reserved 1048576K
}

